Output: Graphics/Displays:

    Apple M3 Pro:

      Chipset Model: Apple M3 Pro
      Type: GPU
      Bus: Built-In
      Total Number of Cores: 14
      Vendor: Apple (0x106b)
      Metal Support: Metal 3
      Displays:
        Color LCD:
          Display Type: Built-in Liquid Retina XDR Display
          Resolution: 3024 x 1964 Retina
          Main Display: Yes
          Mirror: Off
          Online: Yes
          Automatically Adjust Brightness: Yes
          Connection Type: Internal
        C32R50x:
          Resolution: 1920 x 1080 (1080p FHD - Full High Definition)
          UI Looks like: 1920 x 1080 @ 75.00Hz
          Mirror: Off
          Online: Yes
          Rotation: Supported


Model: Apple M3 Pro
E-Core Count: 6
P-Core Count: 5
GPU Core Count: 14
Output: Graphics/Displays:

    Apple M3 Pro:

      Chipset Model: Apple M3 Pro
      Type: GPU
      Bus: Built-In
      Total Number of Cores: 14
      Vendor: Apple (0x106b)
      Metal Support: Metal 3
      Displays:
        Color LCD:
          Display Type: Built-in Liquid Retina XDR Display
          Resolution: 3024 x 1964 Retina
          Main Display: Yes
          Mirror: Off
          Online: Yes
          Automatically Adjust Brightness: Yes
          Connection Type: Internal
        C32R50x:
          Resolution: 1920 x 1080 (1080p FHD - Full High Definition)
          UI Looks like: 1920 x 1080 @ 75.00Hz
          Mirror: Off
          Online: Yes
          Rotation: Supported


